<?xml version="1.0" encoding="UTF-8"?>
<testsuite name="HelloBobTest" tests="2" skipped="0" failures="0" errors="0" timestamp="2021-11-27T18:33:42" hostname="LAPTOP-5U88CNUD" time="0.029">
  <properties/>
  <testcase name="should greet the world when then name is missing()" classname="HelloBobTest" time="0.028"/>
  <testcase name="should greet Bob()" classname="HelloBobTest" time="0.001"/>
  <system-out><![CDATA[]]></system-out>
  <system-err><![CDATA[]]></system-err>
</testsuite>
